2026-04-16 12:57:21,126 [INFO] ============================================================
2026-04-16 12:57:21,126 [INFO] Starting macro indicator ingestion
2026-04-16 12:57:21,126 [INFO] Series: ['DFF', 'DGS10', 'VIXCLS', 'CPIAUCSL', 'UNRATE', 'UMCSENT']
2026-04-16 12:57:21,126 [INFO] Date range: 2020-01-01 to 2024-12-31
2026-04-16 12:57:21,126 [INFO] ============================================================
2026-04-16 12:57:21,639 [INFO] Connected to MongoDB Atlas — collection: macro_indicators
2026-04-16 12:57:21,659 [INFO] Fetching FRED series: DFF -> fed_funds_rate
2026-04-16 12:57:22,526 [ERROR] Failed to fetch DFF: NDFrame.fillna() got an unexpected keyword argument 'method'
2026-04-16 12:57:22,526 [INFO] Fetching FRED series: DGS10 -> treasury_10yr
2026-04-16 12:57:22,782 [ERROR] Failed to fetch DGS10: NDFrame.fillna() got an unexpected keyword argument 'method'
2026-04-16 12:57:22,783 [INFO] Fetching FRED series: VIXCLS -> vix
2026-04-16 12:57:23,069 [ERROR] Failed to fetch VIXCLS: NDFrame.fillna() got an unexpected keyword argument 'method'
2026-04-16 12:57:23,069 [INFO] Fetching FRED series: CPIAUCSL -> cpi_yoy
2026-04-16 12:57:23,220 [ERROR] Failed to fetch CPIAUCSL: NDFrame.fillna() got an unexpected keyword argument 'method'
2026-04-16 12:57:23,221 [INFO] Fetching FRED series: UNRATE -> unemployment_rate
2026-04-16 12:57:23,493 [ERROR] Failed to fetch UNRATE: NDFrame.fillna() got an unexpected keyword argument 'method'
2026-04-16 12:57:23,493 [INFO] Fetching FRED series: UMCSENT -> consumer_sentiment
2026-04-16 12:57:23,722 [ERROR] Failed to fetch UMCSENT: NDFrame.fillna() got an unexpected keyword argument 'method'
2026-04-16 13:03:08,641 [INFO] ============================================================
2026-04-16 13:03:08,642 [INFO] Starting macro indicator ingestion
2026-04-16 13:03:08,642 [INFO] Series: ['DFF', 'DGS10', 'VIXCLS', 'CPIAUCSL', 'UNRATE', 'UMCSENT']
2026-04-16 13:03:08,642 [INFO] Date range: 2020-01-01 to 2024-12-31
2026-04-16 13:03:08,642 [INFO] ============================================================
2026-04-16 13:03:09,116 [INFO] Connected to MongoDB Atlas — collection: macro_indicators
2026-04-16 13:03:09,127 [INFO] Fetching FRED series: DFF -> fed_funds_rate
2026-04-16 13:03:09,546 [INFO]   -> 1827 values fetched, 0 days forward-filled
2026-04-16 13:03:09,546 [INFO] Fetching FRED series: DGS10 -> treasury_10yr
2026-04-16 13:03:09,770 [INFO]   -> 1251 values fetched, 54 days forward-filled
2026-04-16 13:03:09,770 [INFO] Fetching FRED series: VIXCLS -> vix
2026-04-16 13:03:10,186 [INFO]   -> 1277 values fetched, 28 days forward-filled
2026-04-16 13:03:10,186 [INFO] Fetching FRED series: CPIAUCSL -> cpi_yoy
2026-04-16 13:03:10,443 [INFO]   -> 48 values fetched, 1269 days forward-filled
2026-04-16 13:03:10,444 [INFO] Fetching FRED series: UNRATE -> unemployment_rate
2026-04-16 13:03:10,613 [INFO]   -> 60 values fetched, 1261 days forward-filled
2026-04-16 13:03:10,613 [INFO] Fetching FRED series: UMCSENT -> consumer_sentiment
2026-04-16 13:03:11,116 [INFO]   -> 60 values fetched, 1261 days forward-filled
2026-04-16 13:03:48,195 [INFO] ============================================================
2026-04-16 13:03:48,196 [INFO] Macro ingestion complete. Documents upserted: 1305
2026-04-16 13:03:48,197 [INFO] Expected: ~1,260 (trading days in 2020-2024)
2026-04-16 13:03:48,197 [INFO] ============================================================
