2026-04-16 11:26:42,807 [INFO] ============================================================
2026-04-16 11:26:42,807 [INFO] Starting price data ingestion
2026-04-16 11:26:42,807 [INFO] Tickers: ['XLK', 'XLF', 'XLE', 'XLV', 'XLY', 'XLP', 'XLI', 'XLU', 'XLRE', 'XLB', 'XLC']
2026-04-16 11:26:42,807 [INFO] Date range: 2020-01-01 to 2024-12-31
2026-04-16 11:26:42,807 [INFO] ============================================================
2026-04-16 11:26:43,686 [INFO] Connected to MongoDB Atlas — collection: prices
2026-04-16 11:26:43,687 [INFO] Fetching XLK from Yahoo Finance (2020-01-01 to 2024-12-31)
2026-04-16 11:26:44,794 [INFO]   -> 1256 trading days fetched for XLK
2026-04-16 11:27:28,065 [INFO]   -> Upserted 1256 documents for XLK
2026-04-16 11:27:28,066 [INFO] Fetching XLF from Yahoo Finance (2020-01-01 to 2024-12-31)
2026-04-16 11:27:28,454 [INFO]   -> 1256 trading days fetched for XLF
2026-04-16 11:28:11,591 [INFO]   -> Upserted 1256 documents for XLF
2026-04-16 11:28:11,593 [INFO] Fetching XLE from Yahoo Finance (2020-01-01 to 2024-12-31)
2026-04-16 11:28:11,999 [INFO]   -> 1256 trading days fetched for XLE
2026-04-16 11:28:55,135 [INFO]   -> Upserted 1256 documents for XLE
2026-04-16 11:28:55,136 [INFO] Fetching XLV from Yahoo Finance (2020-01-01 to 2024-12-31)
2026-04-16 11:28:55,501 [INFO]   -> 1256 trading days fetched for XLV
2026-04-16 11:29:38,687 [INFO]   -> Upserted 1256 documents for XLV
2026-04-16 11:29:38,689 [INFO] Fetching XLY from Yahoo Finance (2020-01-01 to 2024-12-31)
2026-04-16 11:29:39,101 [INFO]   -> 1256 trading days fetched for XLY
2026-04-16 11:30:23,310 [INFO]   -> Upserted 1256 documents for XLY
2026-04-16 11:30:23,312 [INFO] Fetching XLP from Yahoo Finance (2020-01-01 to 2024-12-31)
2026-04-16 11:30:23,712 [INFO]   -> 1256 trading days fetched for XLP
2026-04-16 11:31:08,194 [INFO]   -> Upserted 1256 documents for XLP
2026-04-16 11:31:08,195 [INFO] Fetching XLI from Yahoo Finance (2020-01-01 to 2024-12-31)
2026-04-16 11:31:08,677 [INFO]   -> 1256 trading days fetched for XLI
2026-04-16 11:32:00,771 [INFO]   -> Upserted 1256 documents for XLI
2026-04-16 11:32:00,774 [INFO] Fetching XLU from Yahoo Finance (2020-01-01 to 2024-12-31)
2026-04-16 11:32:01,309 [INFO]   -> 1256 trading days fetched for XLU
2026-04-16 11:32:55,630 [INFO]   -> Upserted 1256 documents for XLU
2026-04-16 11:32:55,632 [INFO] Fetching XLRE from Yahoo Finance (2020-01-01 to 2024-12-31)
2026-04-16 11:32:56,212 [INFO]   -> 1256 trading days fetched for XLRE
2026-04-16 11:33:42,533 [INFO]   -> Upserted 1256 documents for XLRE
2026-04-16 11:33:42,534 [INFO] Fetching XLB from Yahoo Finance (2020-01-01 to 2024-12-31)
2026-04-16 11:33:43,071 [INFO]   -> 1256 trading days fetched for XLB
2026-04-16 11:34:31,959 [INFO]   -> Upserted 1256 documents for XLB
2026-04-16 11:34:31,960 [INFO] Fetching XLC from Yahoo Finance (2020-01-01 to 2024-12-31)
2026-04-16 11:34:32,379 [INFO]   -> 1256 trading days fetched for XLC
2026-04-16 11:35:18,753 [INFO]   -> Upserted 1256 documents for XLC
2026-04-16 11:35:18,758 [INFO] ============================================================
2026-04-16 11:35:18,758 [INFO] Ingestion complete. Total documents upserted: 13816
2026-04-16 11:35:18,759 [INFO] Expected: ~13860 (11 tickers × ~1,260 trading days)
2026-04-16 11:35:18,760 [INFO] ============================================================
